Determining if the pthread_create exist failed with the following output:
Change Dir: /home/markose/mid_term_proposal/ackermann_controller/build/CMakeFiles/CMakeTmp

Run Build Command:"/usr/bin/make" "cmTC_26469/fast"
/usr/bin/make -f CMakeFiles/cmTC_26469.dir/build.make CMakeFiles/cmTC_26469.dir/build
make[1]: Entering directory '/home/markose/mid_term_proposal/ackermann_controller/build/CMakeFiles/CMakeTmp'
Building C object CMakeFiles/cmTC_26469.dir/CheckSymbolExists.c.o
/usr/bin/cc    -o CMakeFiles/cmTC_26469.dir/CheckSymbolExists.c.o   -c /home/markose/mid_term_proposal/ackermann_controller/build/CMakeFiles/CMakeTmp/CheckSymbolExists.c
Linking C executable cmTC_26469
/usr/bin/cmake -E cmake_link_script CMakeFiles/cmTC_26469.dir/link.txt --verbose=1
/usr/bin/cc      -rdynamic CMakeFiles/cmTC_26469.dir/CheckSymbolExists.c.o  -o cmTC_26469 
CMakeFiles/cmTC_26469.dir/CheckSymbolExists.c.o: In function `main':
CheckSymbolExists.c:(.text+0x1b): undefined reference to `pthread_create'
collect2: error: ld returned 1 exit status
CMakeFiles/cmTC_26469.dir/build.make:97: recipe for target 'cmTC_26469' failed
make[1]: *** [cmTC_26469] Error 1
make[1]: Leaving directory '/home/markose/mid_term_proposal/ackermann_controller/build/CMakeFiles/CMakeTmp'
Makefile:126: recipe for target 'cmTC_26469/fast' failed
make: *** [cmTC_26469/fast] Error 2

File /home/markose/mid_term_proposal/ackermann_controller/build/CMakeFiles/CMakeTmp/CheckSymbolExists.c:
/* */
#include <pthread.h>

int main(int argc, char** argv)
{
  (void)argv;
#ifndef pthread_create
  return ((int*)(&pthread_create))[argc];
#else
  (void)argc;
  return 0;
#endif
}

Determining if the function pthread_create exists in the pthreads failed with the following output:
Change Dir: /home/markose/mid_term_proposal/ackermann_controller/build/CMakeFiles/CMakeTmp

Run Build Command:"/usr/bin/make" "cmTC_358ef/fast"
/usr/bin/make -f CMakeFiles/cmTC_358ef.dir/build.make CMakeFiles/cmTC_358ef.dir/build
make[1]: Entering directory '/home/markose/mid_term_proposal/ackermann_controller/build/CMakeFiles/CMakeTmp'
Building C object CMakeFiles/cmTC_358ef.dir/CheckFunctionExists.c.o
/usr/bin/cc   -DCHECK_FUNCTION_EXISTS=pthread_create   -o CMakeFiles/cmTC_358ef.dir/CheckFunctionExists.c.o   -c /usr/share/cmake-3.10/Modules/CheckFunctionExists.c
Linking C executable cmTC_358ef
/usr/bin/cmake -E cmake_link_script CMakeFiles/cmTC_358ef.dir/link.txt --verbose=1
/usr/bin/cc  -DCHECK_FUNCTION_EXISTS=pthread_create    -rdynamic CMakeFiles/cmTC_358ef.dir/CheckFunctionExists.c.o  -o cmTC_358ef -lpthreads 
/usr/bin/ld: cannot find -lpthreads
collect2: error: ld returned 1 exit status
CMakeFiles/cmTC_358ef.dir/build.make:97: recipe for target 'cmTC_358ef' failed
make[1]: *** [cmTC_358ef] Error 1
make[1]: Leaving directory '/home/markose/mid_term_proposal/ackermann_controller/build/CMakeFiles/CMakeTmp'
Makefile:126: recipe for target 'cmTC_358ef/fast' failed
make: *** [cmTC_358ef/fast] Error 2


